0 info it worked if it ends with ok
1 verbose cli [ 'C:\\Program Files\\nodejs\\node.exe',
1 verbose cli   'C:\\Program Files\\nodejs\\node_modules\\npm\\bin\\npm-cli.js',
1 verbose cli   'install' ]
2 info using npm@4.0.5
3 info using node@v7.4.0
4 silly loadCurrentTree Starting
5 silly install loadCurrentTree
6 silly install readLocalPackageData
7 silly install normalizeTree
8 silly loadCurrentTree Finishing
9 silly loadIdealTree Starting
10 silly install loadIdealTree
11 silly cloneCurrentTree Starting
12 silly install cloneCurrentTreeToIdealTree
13 silly cloneCurrentTree Finishing
14 silly loadShrinkwrap Starting
15 silly install loadShrinkwrap
16 silly loadShrinkwrap Finishing
17 silly loadAllDepsIntoIdealTree Starting
18 silly install loadAllDepsIntoIdealTree
19 silly fetchNamedPackageData ethereumjs-util
20 silly mapToRegistry name ethereumjs-util
21 silly mapToRegistry using default registry
22 silly mapToRegistry registry https://registry.npmjs.org/
23 silly mapToRegistry data Result {
23 silly mapToRegistry   raw: 'ethereumjs-util',
23 silly mapToRegistry   scope: null,
23 silly mapToRegistry   escapedName: 'ethereumjs-util',
23 silly mapToRegistry   name: 'ethereumjs-util',
23 silly mapToRegistry   rawSpec: '',
23 silly mapToRegistry   spec: 'latest',
23 silly mapToRegistry   type: 'tag' }
24 silly mapToRegistry uri https://registry.npmjs.org/ethereumjs-util
25 silly fetchNamedPackageData ethereumjs-tx
26 silly mapToRegistry name ethereumjs-tx
27 silly mapToRegistry using default registry
28 silly mapToRegistry registry https://registry.npmjs.org/
29 silly mapToRegistry data Result {
29 silly mapToRegistry   raw: 'ethereumjs-tx',
29 silly mapToRegistry   scope: null,
29 silly mapToRegistry   escapedName: 'ethereumjs-tx',
29 silly mapToRegistry   name: 'ethereumjs-tx',
29 silly mapToRegistry   rawSpec: '',
29 silly mapToRegistry   spec: 'latest',
29 silly mapToRegistry   type: 'tag' }
30 silly mapToRegistry uri https://registry.npmjs.org/ethereumjs-tx
31 verbose request uri https://registry.npmjs.org/ethereumjs-tx
32 verbose request no auth needed
33 info attempt registry request try #1 at 2:32:29 PM
34 verbose request id 2721b209cb2a8ba5
35 verbose etag "59cb4943-180e4"
36 verbose lastModified Wed, 27 Sep 2017 6:46:27 GMT
37 http request GET https://registry.npmjs.org/ethereumjs-tx
38 verbose request uri https://registry.npmjs.org/ethereumjs-util
39 verbose request no auth needed
40 info attempt registry request try #1 at 2:32:29 PM
41 verbose etag "5a4f304d-193c2"
42 verbose lastModified Fri, 5 Jan 2018 7:59:09 GMT
43 http request GET https://registry.npmjs.org/ethereumjs-util
44 http 304 https://registry.npmjs.org/ethereumjs-tx
45 verbose headers { date: 'Fri, 12 Jan 2018 22:32:32 GMT',
45 verbose headers   via: '1.1 varnish',
45 verbose headers   'cache-control': 'max-age=300',
45 verbose headers   etag: '"59cb4943-180e4"',
45 verbose headers   age: '6159',
45 verbose headers   connection: 'keep-alive',
45 verbose headers   'x-served-by': 'cache-sjc3631-SJC',
45 verbose headers   'x-cache': 'HIT',
45 verbose headers   'x-cache-hits': '1',
45 verbose headers   'x-timer': 'S1515796353.831544,VS0,VE1',
45 verbose headers   vary: 'Accept-Encoding, Accept' }
46 silly get cb [ 304,
46 silly get   { date: 'Fri, 12 Jan 2018 22:32:32 GMT',
46 silly get     via: '1.1 varnish',
46 silly get     'cache-control': 'max-age=300',
46 silly get     etag: '"59cb4943-180e4"',
46 silly get     age: '6159',
46 silly get     connection: 'keep-alive',
46 silly get     'x-served-by': 'cache-sjc3631-SJC',
46 silly get     'x-cache': 'HIT',
46 silly get     'x-cache-hits': '1',
46 silly get     'x-timer': 'S1515796353.831544,VS0,VE1',
46 silly get     vary: 'Accept-Encoding, Accept' } ]
47 verbose etag https://registry.npmjs.org/ethereumjs-tx from cache
48 verbose get saving ethereumjs-tx to C:\Users\tireilly\AppData\Roaming\npm-cache\registry.npmjs.org\ethereumjs-tx\.cache.json
49 verbose correctMkdir C:\Users\tireilly\AppData\Roaming\npm-cache correctMkdir not in flight; initializing
50 http 304 https://registry.npmjs.org/ethereumjs-util
51 verbose headers { date: 'Fri, 12 Jan 2018 22:32:32 GMT',
51 verbose headers   via: '1.1 varnish',
51 verbose headers   'cache-control': 'max-age=300',
51 verbose headers   etag: '"5a4f304d-193c2"',
51 verbose headers   age: '5731',
51 verbose headers   connection: 'keep-alive',
51 verbose headers   'x-served-by': 'cache-sjc3626-SJC',
51 verbose headers   'x-cache': 'HIT',
51 verbose headers   'x-cache-hits': '1',
51 verbose headers   'x-timer': 'S1515796353.833632,VS0,VE1',
51 verbose headers   vary: 'Accept-Encoding, Accept' }
52 silly get cb [ 304,
52 silly get   { date: 'Fri, 12 Jan 2018 22:32:32 GMT',
52 silly get     via: '1.1 varnish',
52 silly get     'cache-control': 'max-age=300',
52 silly get     etag: '"5a4f304d-193c2"',
52 silly get     age: '5731',
52 silly get     connection: 'keep-alive',
52 silly get     'x-served-by': 'cache-sjc3626-SJC',
52 silly get     'x-cache': 'HIT',
52 silly get     'x-cache-hits': '1',
52 silly get     'x-timer': 'S1515796353.833632,VS0,VE1',
52 silly get     vary: 'Accept-Encoding, Accept' } ]
53 verbose etag https://registry.npmjs.org/ethereumjs-util from cache
54 verbose get saving ethereumjs-util to C:\Users\tireilly\AppData\Roaming\npm-cache\registry.npmjs.org\ethereumjs-util\.cache.json
55 verbose correctMkdir C:\Users\tireilly\AppData\Roaming\npm-cache correctMkdir already in flight; waiting
56 silly resolveWithNewModule ethereumjs-tx@1.1.2 checking installable status
57 silly cache add args [ 'ethereumjs-tx@1.1.2', null ]
58 verbose cache add spec ethereumjs-tx@1.1.2
59 silly cache add parsed spec Result {
59 silly cache add   raw: 'ethereumjs-tx@1.1.2',
59 silly cache add   scope: null,
59 silly cache add   escapedName: 'ethereumjs-tx',
59 silly cache add   name: 'ethereumjs-tx',
59 silly cache add   rawSpec: '1.1.2',
59 silly cache add   spec: '1.1.2',
59 silly cache add   type: 'version' }
60 silly addNamed ethereumjs-tx@1.1.2
61 verbose addNamed "1.1.2" is a plain semver version for ethereumjs-tx
62 silly mapToRegistry name ethereumjs-tx
63 silly mapToRegistry using default registry
64 silly mapToRegistry registry https://registry.npmjs.org/
65 silly mapToRegistry data Result {
65 silly mapToRegistry   raw: 'ethereumjs-tx',
65 silly mapToRegistry   scope: null,
65 silly mapToRegistry   escapedName: 'ethereumjs-tx',
65 silly mapToRegistry   name: 'ethereumjs-tx',
65 silly mapToRegistry   rawSpec: '',
65 silly mapToRegistry   spec: 'latest',
65 silly mapToRegistry   type: 'tag' }
66 silly mapToRegistry uri https://registry.npmjs.org/ethereumjs-tx
67 verbose addNameVersion registry:https://registry.npmjs.org/ethereumjs-tx not in flight; fetching
68 verbose get https://registry.npmjs.org/ethereumjs-tx not expired, no request
69 silly resolveWithNewModule ethereumjs-util@4.5.0 checking installable status
70 silly cache add args [ 'ethereumjs-util@4.5.0', null ]
71 verbose cache add spec ethereumjs-util@4.5.0
72 silly cache add parsed spec Result {
72 silly cache add   raw: 'ethereumjs-util@4.5.0',
72 silly cache add   scope: null,
72 silly cache add   escapedName: 'ethereumjs-util',
72 silly cache add   name: 'ethereumjs-util',
72 silly cache add   rawSpec: '4.5.0',
72 silly cache add   spec: '4.5.0',
72 silly cache add   type: 'version' }
73 silly addNamed ethereumjs-util@4.5.0
74 verbose addNamed "4.5.0" is a plain semver version for ethereumjs-util
75 silly mapToRegistry name ethereumjs-util
76 silly mapToRegistry using default registry
77 silly mapToRegistry registry https://registry.npmjs.org/
78 silly mapToRegistry data Result {
78 silly mapToRegistry   raw: 'ethereumjs-util',
78 silly mapToRegistry   scope: null,
78 silly mapToRegistry   escapedName: 'ethereumjs-util',
78 silly mapToRegistry   name: 'ethereumjs-util',
78 silly mapToRegistry   rawSpec: '',
78 silly mapToRegistry   spec: 'latest',
78 silly mapToRegistry   type: 'tag' }
79 silly mapToRegistry uri https://registry.npmjs.org/ethereumjs-util
80 verbose addNameVersion registry:https://registry.npmjs.org/ethereumjs-util not in flight; fetching
81 silly cache afterAdd ethereumjs-tx@1.1.2
82 verbose afterAdd C:\Users\tireilly\AppData\Roaming\npm-cache\ethereumjs-tx\1.1.2\package\package.json not in flight; writing
83 verbose correctMkdir C:\Users\tireilly\AppData\Roaming\npm-cache correctMkdir not in flight; initializing
84 verbose get https://registry.npmjs.org/ethereumjs-util not expired, no request
85 silly cache afterAdd ethereumjs-util@4.5.0
86 verbose afterAdd C:\Users\tireilly\AppData\Roaming\npm-cache\ethereumjs-util\4.5.0\package\package.json not in flight; writing
87 verbose correctMkdir C:\Users\tireilly\AppData\Roaming\npm-cache correctMkdir not in flight; initializing
88 verbose afterAdd C:\Users\tireilly\AppData\Roaming\npm-cache\ethereumjs-tx\1.1.2\package\package.json written
89 verbose afterAdd C:\Users\tireilly\AppData\Roaming\npm-cache\ethereumjs-util\4.5.0\package\package.json written
90 silly fetchNamedPackageData keccakjs
91 silly mapToRegistry name keccakjs
92 silly mapToRegistry using default registry
93 silly mapToRegistry registry https://registry.npmjs.org/
94 silly mapToRegistry data Result {
94 silly mapToRegistry   raw: 'keccakjs',
94 silly mapToRegistry   scope: null,
94 silly mapToRegistry   escapedName: 'keccakjs',
94 silly mapToRegistry   name: 'keccakjs',
94 silly mapToRegistry   rawSpec: '',
94 silly mapToRegistry   spec: 'latest',
94 silly mapToRegistry   type: 'tag' }
95 silly mapToRegistry uri https://registry.npmjs.org/keccakjs
96 verbose request uri https://registry.npmjs.org/keccakjs
97 verbose request no auth needed
98 info attempt registry request try #1 at 2:32:33 PM
99 verbose etag "573cdcdb-1342"
100 verbose lastModified Wed, 18 May 2016 21:21:31 GMT
101 http request GET https://registry.npmjs.org/keccakjs
102 http 304 https://registry.npmjs.org/keccakjs
103 verbose headers { date: 'Fri, 12 Jan 2018 22:32:33 GMT',
103 verbose headers   via: '1.1 varnish',
103 verbose headers   'cache-control': 'max-age=300',
103 verbose headers   etag: '"573cdcdb-1342"',
103 verbose headers   age: '12803',
103 verbose headers   connection: 'keep-alive',
103 verbose headers   'x-served-by': 'cache-sjc3631-SJC',
103 verbose headers   'x-cache': 'HIT',
103 verbose headers   'x-cache-hits': '1',
103 verbose headers   'x-timer': 'S1515796353.027469,VS0,VE1',
103 verbose headers   vary: 'Accept-Encoding, Accept' }
104 silly get cb [ 304,
104 silly get   { date: 'Fri, 12 Jan 2018 22:32:33 GMT',
104 silly get     via: '1.1 varnish',
104 silly get     'cache-control': 'max-age=300',
104 silly get     etag: '"573cdcdb-1342"',
104 silly get     age: '12803',
104 silly get     connection: 'keep-alive',
104 silly get     'x-served-by': 'cache-sjc3631-SJC',
104 silly get     'x-cache': 'HIT',
104 silly get     'x-cache-hits': '1',
104 silly get     'x-timer': 'S1515796353.027469,VS0,VE1',
104 silly get     vary: 'Accept-Encoding, Accept' } ]
105 verbose etag https://registry.npmjs.org/keccakjs from cache
106 verbose get saving keccakjs to C:\Users\tireilly\AppData\Roaming\npm-cache\registry.npmjs.org\keccakjs\.cache.json
107 verbose correctMkdir C:\Users\tireilly\AppData\Roaming\npm-cache correctMkdir not in flight; initializing
108 silly resolveWithNewModule keccakjs@0.2.1 checking installable status
109 silly cache add args [ 'keccakjs@^0.2.0', null ]
110 verbose cache add spec keccakjs@^0.2.0
111 silly cache add parsed spec Result {
111 silly cache add   raw: 'keccakjs@^0.2.0',
111 silly cache add   scope: null,
111 silly cache add   escapedName: 'keccakjs',
111 silly cache add   name: 'keccakjs',
111 silly cache add   rawSpec: '^0.2.0',
111 silly cache add   spec: '>=0.2.0 <0.3.0',
111 silly cache add   type: 'range' }
112 silly addNamed keccakjs@>=0.2.0 <0.3.0
113 verbose addNamed ">=0.2.0 <0.3.0" is a valid semver range for keccakjs
114 silly addNameRange { name: 'keccakjs', range: '>=0.2.0 <0.3.0', hasData: false }
115 silly mapToRegistry name keccakjs
116 silly mapToRegistry using default registry
117 silly mapToRegistry registry https://registry.npmjs.org/
118 silly mapToRegistry data Result {
118 silly mapToRegistry   raw: 'keccakjs',
118 silly mapToRegistry   scope: null,
118 silly mapToRegistry   escapedName: 'keccakjs',
118 silly mapToRegistry   name: 'keccakjs',
118 silly mapToRegistry   rawSpec: '',
118 silly mapToRegistry   spec: 'latest',
118 silly mapToRegistry   type: 'tag' }
119 silly mapToRegistry uri https://registry.npmjs.org/keccakjs
120 verbose addNameRange registry:https://registry.npmjs.org/keccakjs not in flight; fetching
121 verbose get https://registry.npmjs.org/keccakjs not expired, no request
122 silly addNameRange number 2 { name: 'keccakjs', range: '>=0.2.0 <0.3.0', hasData: true }
123 silly addNameRange versions [ 'keccakjs', [ '0.1.0', '0.2.0', '0.2.1' ] ]
124 silly addNamed keccakjs@0.2.1
125 verbose addNamed "0.2.1" is a plain semver version for keccakjs
126 silly cache afterAdd keccakjs@0.2.1
127 verbose afterAdd C:\Users\tireilly\AppData\Roaming\npm-cache\keccakjs\0.2.1\package\package.json not in flight; writing
128 verbose correctMkdir C:\Users\tireilly\AppData\Roaming\npm-cache correctMkdir not in flight; initializing
129 verbose afterAdd C:\Users\tireilly\AppData\Roaming\npm-cache\keccakjs\0.2.1\package\package.json written
130 silly fetchNamedPackageData sha3
131 silly mapToRegistry name sha3
132 silly mapToRegistry using default registry
133 silly mapToRegistry registry https://registry.npmjs.org/
134 silly mapToRegistry data Result {
134 silly mapToRegistry   raw: 'sha3',
134 silly mapToRegistry   scope: null,
134 silly mapToRegistry   escapedName: 'sha3',
134 silly mapToRegistry   name: 'sha3',
134 silly mapToRegistry   rawSpec: '',
134 silly mapToRegistry   spec: 'latest',
134 silly mapToRegistry   type: 'tag' }
135 silly mapToRegistry uri https://registry.npmjs.org/sha3
136 verbose request uri https://registry.npmjs.org/sha3
137 verbose request no auth needed
138 info attempt registry request try #1 at 2:32:33 PM
139 verbose etag "55db8933-18dd"
140 verbose lastModified Mon, 24 Aug 2015 21:14:27 GMT
141 http request GET https://registry.npmjs.org/sha3
142 http 304 https://registry.npmjs.org/sha3
143 verbose headers { date: 'Fri, 12 Jan 2018 22:32:33 GMT',
143 verbose headers   via: '1.1 varnish',
143 verbose headers   'cache-control': 'max-age=300',
143 verbose headers   etag: '"55db8933-18dd"',
143 verbose headers   age: '1458',
143 verbose headers   connection: 'keep-alive',
143 verbose headers   'x-served-by': 'cache-sjc3626-SJC',
143 verbose headers   'x-cache': 'HIT',
143 verbose headers   'x-cache-hits': '1',
143 verbose headers   'x-timer': 'S1515796353.075892,VS0,VE1',
143 verbose headers   vary: 'Accept-Encoding, Accept' }
144 silly get cb [ 304,
144 silly get   { date: 'Fri, 12 Jan 2018 22:32:33 GMT',
144 silly get     via: '1.1 varnish',
144 silly get     'cache-control': 'max-age=300',
144 silly get     etag: '"55db8933-18dd"',
144 silly get     age: '1458',
144 silly get     connection: 'keep-alive',
144 silly get     'x-served-by': 'cache-sjc3626-SJC',
144 silly get     'x-cache': 'HIT',
144 silly get     'x-cache-hits': '1',
144 silly get     'x-timer': 'S1515796353.075892,VS0,VE1',
144 silly get     vary: 'Accept-Encoding, Accept' } ]
145 verbose etag https://registry.npmjs.org/sha3 from cache
146 verbose get saving sha3 to C:\Users\tireilly\AppData\Roaming\npm-cache\registry.npmjs.org\sha3\.cache.json
147 verbose correctMkdir C:\Users\tireilly\AppData\Roaming\npm-cache correctMkdir not in flight; initializing
148 silly resolveWithNewModule sha3@1.2.0 checking installable status
149 silly cache add args [ 'sha3@^1.1.0', null ]
150 verbose cache add spec sha3@^1.1.0
151 silly cache add parsed spec Result {
151 silly cache add   raw: 'sha3@^1.1.0',
151 silly cache add   scope: null,
151 silly cache add   escapedName: 'sha3',
151 silly cache add   name: 'sha3',
151 silly cache add   rawSpec: '^1.1.0',
151 silly cache add   spec: '>=1.1.0 <2.0.0',
151 silly cache add   type: 'range' }
152 silly addNamed sha3@>=1.1.0 <2.0.0
153 verbose addNamed ">=1.1.0 <2.0.0" is a valid semver range for sha3
154 silly addNameRange { name: 'sha3', range: '>=1.1.0 <2.0.0', hasData: false }
155 silly mapToRegistry name sha3
156 silly mapToRegistry using default registry
157 silly mapToRegistry registry https://registry.npmjs.org/
158 silly mapToRegistry data Result {
158 silly mapToRegistry   raw: 'sha3',
158 silly mapToRegistry   scope: null,
158 silly mapToRegistry   escapedName: 'sha3',
158 silly mapToRegistry   name: 'sha3',
158 silly mapToRegistry   rawSpec: '',
158 silly mapToRegistry   spec: 'latest',
158 silly mapToRegistry   type: 'tag' }
159 silly mapToRegistry uri https://registry.npmjs.org/sha3
160 verbose addNameRange registry:https://registry.npmjs.org/sha3 not in flight; fetching
161 verbose get https://registry.npmjs.org/sha3 not expired, no request
162 silly addNameRange number 2 { name: 'sha3', range: '>=1.1.0 <2.0.0', hasData: true }
163 silly addNameRange versions [ 'sha3', [ '1.0.0', '1.1.0', '1.2.0' ] ]
164 silly addNamed sha3@1.2.0
165 verbose addNamed "1.2.0" is a plain semver version for sha3
166 silly cache afterAdd sha3@1.2.0
167 verbose afterAdd C:\Users\tireilly\AppData\Roaming\npm-cache\sha3\1.2.0\package\package.json not in flight; writing
168 verbose correctMkdir C:\Users\tireilly\AppData\Roaming\npm-cache correctMkdir not in flight; initializing
169 verbose afterAdd C:\Users\tireilly\AppData\Roaming\npm-cache\sha3\1.2.0\package\package.json written
170 silly loadAllDepsIntoIdealTree Finishing
171 silly loadIdealTree Finishing
172 silly currentTree block-chain-notes
172 silly currentTree +-- bignumber.js@2.0.7
172 silly currentTree +-- bindings@1.3.0
172 silly currentTree +-- bip66@1.1.5
172 silly currentTree +-- bn.js@4.11.8
172 silly currentTree +-- brorand@1.1.0
172 silly currentTree +-- browserify-aes@1.1.1
172 silly currentTree +-- browserify-sha3@0.0.1
172 silly currentTree +-- buffer-xor@1.0.3
172 silly currentTree +-- cipher-base@1.0.4
172 silly currentTree +-- create-hash@1.1.3
172 silly currentTree +-- create-hmac@1.1.6
172 silly currentTree +-- crypto-js@3.1.8
172 silly currentTree +-- drbg.js@1.0.1
172 silly currentTree +-- elliptic@6.4.0
172 silly currentTree +-- ethereum-common@0.0.17
172 silly currentTree +-- evp_bytestokey@1.0.3
172 silly currentTree +-- hash-base@2.0.2
172 silly currentTree +-- hash.js@1.1.3
172 silly currentTree +-- hmac-drbg@1.0.1
172 silly currentTree +-- inherits@2.0.3
172 silly currentTree +-- js-sha3@0.3.1
172 silly currentTree +-- md5.js@1.3.4
172 silly currentTree | `-- hash-base@3.0.4
172 silly currentTree +-- minimalistic-assert@1.0.0
172 silly currentTree +-- minimalistic-crypto-utils@1.0.1
172 silly currentTree +-- nan@2.8.0
172 silly currentTree +-- ripemd160@2.0.1
172 silly currentTree +-- rlp@2.0.0
172 silly currentTree +-- safe-buffer@5.1.1
172 silly currentTree +-- secp256k1@3.4.0
172 silly currentTree +-- sha.js@2.4.9
172 silly currentTree +-- utf8@2.1.2
172 silly currentTree +-- web3@0.17.0-alpha
172 silly currentTree `-- xmlhttprequest@1.8.0
173 silly idealTree block-chain-notes
173 silly idealTree +-- bignumber.js@2.0.7
173 silly idealTree +-- bindings@1.3.0
173 silly idealTree +-- bip66@1.1.5
173 silly idealTree +-- bn.js@4.11.8
173 silly idealTree +-- brorand@1.1.0
173 silly idealTree +-- browserify-aes@1.1.1
173 silly idealTree +-- browserify-sha3@0.0.1
173 silly idealTree +-- buffer-xor@1.0.3
173 silly idealTree +-- cipher-base@1.0.4
173 silly idealTree +-- create-hash@1.1.3
173 silly idealTree +-- create-hmac@1.1.6
173 silly idealTree +-- crypto-js@3.1.8
173 silly idealTree +-- drbg.js@1.0.1
173 silly idealTree +-- elliptic@6.4.0
173 silly idealTree +-- ethereum-common@0.0.17
173 silly idealTree +-- ethereumjs-tx@1.1.2
173 silly idealTree +-- ethereumjs-util@4.5.0
173 silly idealTree +-- evp_bytestokey@1.0.3
173 silly idealTree +-- hash-base@2.0.2
173 silly idealTree +-- hash.js@1.1.3
173 silly idealTree +-- hmac-drbg@1.0.1
173 silly idealTree +-- inherits@2.0.3
173 silly idealTree +-- js-sha3@0.3.1
173 silly idealTree +-- keccakjs@0.2.1
173 silly idealTree +-- md5.js@1.3.4
173 silly idealTree | `-- hash-base@3.0.4
173 silly idealTree +-- minimalistic-assert@1.0.0
173 silly idealTree +-- minimalistic-crypto-utils@1.0.1
173 silly idealTree +-- nan@2.8.0
173 silly idealTree +-- ripemd160@2.0.1
173 silly idealTree +-- rlp@2.0.0
173 silly idealTree +-- safe-buffer@5.1.1
173 silly idealTree +-- secp256k1@3.4.0
173 silly idealTree +-- sha.js@2.4.9
173 silly idealTree +-- sha3@1.2.0
173 silly idealTree +-- utf8@2.1.2
173 silly idealTree +-- web3@0.17.0-alpha
173 silly idealTree `-- xmlhttprequest@1.8.0
174 silly generateActionsToTake Starting
175 silly install generateActionsToTake
176 silly generateActionsToTake Finishing
177 silly diffTrees action count 4
178 silly diffTrees add sha3@1.2.0
179 silly diffTrees add keccakjs@0.2.1
180 silly diffTrees add ethereumjs-util@4.5.0
181 silly diffTrees add ethereumjs-tx@1.1.2
182 silly decomposeActions action count 32
183 silly decomposeActions fetch sha3@1.2.0
184 silly decomposeActions extract sha3@1.2.0
185 silly decomposeActions test sha3@1.2.0
186 silly decomposeActions preinstall sha3@1.2.0
187 silly decomposeActions build sha3@1.2.0
188 silly decomposeActions install sha3@1.2.0
189 silly decomposeActions postinstall sha3@1.2.0
190 silly decomposeActions finalize sha3@1.2.0
191 silly decomposeActions fetch keccakjs@0.2.1
192 silly decomposeActions extract keccakjs@0.2.1
193 silly decomposeActions test keccakjs@0.2.1
194 silly decomposeActions preinstall keccakjs@0.2.1
195 silly decomposeActions build keccakjs@0.2.1
196 silly decomposeActions install keccakjs@0.2.1
197 silly decomposeActions postinstall keccakjs@0.2.1
198 silly decomposeActions finalize keccakjs@0.2.1
199 silly decomposeActions fetch ethereumjs-util@4.5.0
200 silly decomposeActions extract ethereumjs-util@4.5.0
201 silly decomposeActions test ethereumjs-util@4.5.0
202 silly decomposeActions preinstall ethereumjs-util@4.5.0
203 silly decomposeActions build ethereumjs-util@4.5.0
204 silly decomposeActions install ethereumjs-util@4.5.0
205 silly decomposeActions postinstall ethereumjs-util@4.5.0
206 silly decomposeActions finalize ethereumjs-util@4.5.0
207 silly decomposeActions fetch ethereumjs-tx@1.1.2
208 silly decomposeActions extract ethereumjs-tx@1.1.2
209 silly decomposeActions test ethereumjs-tx@1.1.2
210 silly decomposeActions preinstall ethereumjs-tx@1.1.2
211 silly decomposeActions build ethereumjs-tx@1.1.2
212 silly decomposeActions install ethereumjs-tx@1.1.2
213 silly decomposeActions postinstall ethereumjs-tx@1.1.2
214 silly decomposeActions finalize ethereumjs-tx@1.1.2
215 silly runTopLevelLifecycles Starting
216 silly install runPreinstallTopLevelLifecycles
217 silly preinstall block-chain-notes
218 info lifecycle undefined~preinstall: undefined
219 silly lifecycle undefined~preinstall: no script for preinstall, continuing
220 silly executeActions Starting
221 silly install executeActions
222 silly doSerial global-install 0
223 silly doParallel fetch 4
224 verbose correctMkdir C:\Users\tireilly\AppData\Roaming\npm-cache\_locks correctMkdir not in flight; initializing
225 verbose lock using C:\Users\tireilly\AppData\Roaming\npm-cache\_locks\staging-63dab00e938d03cf.lock for C:\Users\tireilly\Documents\GitHub\block-chain-notes\node_modules\.staging
226 silly doParallel extract 4
227 silly extract sha3@1.2.0
228 silly extract keccakjs@0.2.1
229 silly extract ethereumjs-util@4.5.0
230 silly extract ethereumjs-tx@1.1.2
231 verbose unbuild node_modules\.staging\sha3-446200fa
232 verbose unbuild node_modules\.staging\keccakjs-fa35bf6a
233 verbose unbuild node_modules\.staging\ethereumjs-util-2c824abf
234 verbose unbuild node_modules\.staging\ethereumjs-tx-ffe0555d
235 silly gentlyRm C:\Users\tireilly\Documents\GitHub\block-chain-notes\node_modules\.staging\sha3-446200fa is being purged from base C:\Users\tireilly\Documents\GitHub\block-chain-notes
236 verbose gentlyRm don't care about contents; nuking C:\Users\tireilly\Documents\GitHub\block-chain-notes\node_modules\.staging\sha3-446200fa
237 silly gentlyRm C:\Users\tireilly\Documents\GitHub\block-chain-notes\node_modules\.staging\keccakjs-fa35bf6a is being purged from base C:\Users\tireilly\Documents\GitHub\block-chain-notes
238 verbose gentlyRm don't care about contents; nuking C:\Users\tireilly\Documents\GitHub\block-chain-notes\node_modules\.staging\keccakjs-fa35bf6a
239 silly gentlyRm C:\Users\tireilly\Documents\GitHub\block-chain-notes\node_modules\.staging\ethereumjs-util-2c824abf is being purged from base C:\Users\tireilly\Documents\GitHub\block-chain-notes
240 verbose gentlyRm don't care about contents; nuking C:\Users\tireilly\Documents\GitHub\block-chain-notes\node_modules\.staging\ethereumjs-util-2c824abf
241 silly gentlyRm C:\Users\tireilly\Documents\GitHub\block-chain-notes\node_modules\.staging\ethereumjs-tx-ffe0555d is being purged from base C:\Users\tireilly\Documents\GitHub\block-chain-notes
242 verbose gentlyRm don't care about contents; nuking C:\Users\tireilly\Documents\GitHub\block-chain-notes\node_modules\.staging\ethereumjs-tx-ffe0555d
243 verbose tar unpack C:\Users\tireilly\AppData\Roaming\npm-cache\sha3\1.2.0\package.tgz
244 verbose tar unpacking to C:\Users\tireilly\Documents\GitHub\block-chain-notes\node_modules\.staging\sha3-446200fa
245 silly gentlyRm C:\Users\tireilly\Documents\GitHub\block-chain-notes\node_modules\.staging\sha3-446200fa is being purged
246 verbose gentlyRm don't care about contents; nuking C:\Users\tireilly\Documents\GitHub\block-chain-notes\node_modules\.staging\sha3-446200fa
247 verbose tar unpack C:\Users\tireilly\AppData\Roaming\npm-cache\keccakjs\0.2.1\package.tgz
248 verbose tar unpacking to C:\Users\tireilly\Documents\GitHub\block-chain-notes\node_modules\.staging\keccakjs-fa35bf6a
249 silly gentlyRm C:\Users\tireilly\Documents\GitHub\block-chain-notes\node_modules\.staging\keccakjs-fa35bf6a is being purged
250 verbose gentlyRm don't care about contents; nuking C:\Users\tireilly\Documents\GitHub\block-chain-notes\node_modules\.staging\keccakjs-fa35bf6a
251 verbose tar unpack C:\Users\tireilly\AppData\Roaming\npm-cache\ethereumjs-util\4.5.0\package.tgz
252 verbose tar unpacking to C:\Users\tireilly\Documents\GitHub\block-chain-notes\node_modules\.staging\ethereumjs-util-2c824abf
253 silly gentlyRm C:\Users\tireilly\Documents\GitHub\block-chain-notes\node_modules\.staging\ethereumjs-util-2c824abf is being purged
254 verbose gentlyRm don't care about contents; nuking C:\Users\tireilly\Documents\GitHub\block-chain-notes\node_modules\.staging\ethereumjs-util-2c824abf
255 verbose tar unpack C:\Users\tireilly\AppData\Roaming\npm-cache\ethereumjs-tx\1.1.2\package.tgz
256 verbose tar unpacking to C:\Users\tireilly\Documents\GitHub\block-chain-notes\node_modules\.staging\ethereumjs-tx-ffe0555d
257 silly gentlyRm C:\Users\tireilly\Documents\GitHub\block-chain-notes\node_modules\.staging\ethereumjs-tx-ffe0555d is being purged
258 verbose gentlyRm don't care about contents; nuking C:\Users\tireilly\Documents\GitHub\block-chain-notes\node_modules\.staging\ethereumjs-tx-ffe0555d
259 silly gunzTarPerm modes [ '777', '666' ]
260 silly gunzTarPerm modes [ '777', '666' ]
261 silly gunzTarPerm modes [ '777', '666' ]
262 silly gunzTarPerm modes [ '777', '666' ]
263 silly gunzTarPerm extractEntry package.json
264 silly gunzTarPerm modified mode [ 'package.json', 420, 438 ]
265 silly gunzTarPerm extractEntry package.json
266 silly gunzTarPerm modified mode [ 'package.json', 420, 438 ]
267 silly gunzTarPerm extractEntry package.json
268 silly gunzTarPerm modified mode [ 'package.json', 420, 438 ]
269 silly gunzTarPerm extractEntry package.json
270 silly gunzTarPerm modified mode [ 'package.json', 420, 438 ]
271 silly gunzTarPerm extractEntry .npmignore
272 silly gunzTarPerm modified mode [ '.npmignore', 420, 438 ]
273 silly gunzTarPerm extractEntry README.md
274 silly gunzTarPerm modified mode [ 'README.md', 420, 438 ]
275 silly gunzTarPerm extractEntry .npmignore
276 silly gunzTarPerm modified mode [ '.npmignore', 420, 438 ]
277 silly gunzTarPerm extractEntry README.md
278 silly gunzTarPerm modified mode [ 'README.md', 420, 438 ]
279 silly gunzTarPerm extractEntry .npmignore
280 silly gunzTarPerm modified mode [ '.npmignore', 420, 438 ]
281 silly gunzTarPerm extractEntry README.md
282 silly gunzTarPerm modified mode [ 'README.md', 420, 438 ]
283 silly gunzTarPerm extractEntry README.md
284 silly gunzTarPerm modified mode [ 'README.md', 420, 438 ]
285 silly gunzTarPerm extractEntry LICENSE
286 silly gunzTarPerm modified mode [ 'LICENSE', 420, 438 ]
287 silly gunzTarPerm extractEntry test.js
288 silly gunzTarPerm modified mode [ 'test.js', 420, 438 ]
289 silly gunzTarPerm extractEntry index.js
290 silly gunzTarPerm modified mode [ 'index.js', 420, 438 ]
291 silly gunzTarPerm extractEntry fake.js
292 silly gunzTarPerm modified mode [ 'fake.js', 420, 438 ]
293 silly gunzTarPerm extractEntry LICENSE
294 silly gunzTarPerm modified mode [ 'LICENSE', 420, 438 ]
295 silly gunzTarPerm extractEntry browser.js
296 silly gunzTarPerm modified mode [ 'browser.js', 420, 438 ]
297 silly gunzTarPerm extractEntry LICENSE
298 silly gunzTarPerm modified mode [ 'LICENSE', 420, 438 ]
299 silly gunzTarPerm extractEntry binding.gyp
300 silly gunzTarPerm modified mode [ 'binding.gyp', 420, 438 ]
301 silly gunzTarPerm extractEntry src/KeccakSponge.cpp
302 silly gunzTarPerm modified mode [ 'src/KeccakSponge.cpp', 420, 438 ]
303 silly gunzTarPerm extractEntry karma.conf.js
304 silly gunzTarPerm modified mode [ 'karma.conf.js', 420, 438 ]
305 silly gunzTarPerm extractEntry index.js
306 silly gunzTarPerm modified mode [ 'index.js', 420, 438 ]
307 silly gunzTarPerm extractEntry karma.conf.js
308 silly gunzTarPerm modified mode [ 'karma.conf.js', 420, 438 ]
309 silly gunzTarPerm extractEntry src/KeccakF-1600-int-set.h
310 silly gunzTarPerm modified mode [ 'src/KeccakF-1600-int-set.h', 420, 438 ]
311 silly gunzTarPerm extractEntry index.js
312 silly gunzTarPerm modified mode [ 'index.js', 420, 438 ]
313 silly gunzTarPerm extractEntry coverage/coverage.json
314 silly gunzTarPerm modified mode [ 'coverage/coverage.json', 420, 438 ]
315 silly gunzTarPerm extractEntry coverage/lcov-report/prettify.js
316 silly gunzTarPerm modified mode [ 'coverage/lcov-report/prettify.js', 420, 438 ]
317 silly gunzTarPerm extractEntry .versions
318 silly gunzTarPerm modified mode [ '.versions', 420, 438 ]
319 silly gunzTarPerm extractEntry .package.json.swo
320 silly gunzTarPerm modified mode [ '.package.json.swo', 420, 438 ]
321 silly gunzTarPerm extractEntry src/KeccakF-1600-reference.cpp
322 silly gunzTarPerm modified mode [ 'src/KeccakF-1600-reference.cpp', 420, 438 ]
323 silly gunzTarPerm extractEntry src/KeccakNISTInterface.cpp
324 silly gunzTarPerm modified mode [ 'src/KeccakNISTInterface.cpp', 420, 438 ]
325 silly gunzTarPerm extractEntry src/KeccakNISTInterface.h
326 silly gunzTarPerm modified mode [ 'src/KeccakNISTInterface.h', 420, 438 ]
327 silly gunzTarPerm extractEntry src/KeccakF-1600-interface.h
328 silly gunzTarPerm modified mode [ 'src/KeccakF-1600-interface.h', 420, 438 ]
329 silly gunzTarPerm extractEntry coverage/lcov-report/sorter.js
330 silly gunzTarPerm modified mode [ 'coverage/lcov-report/sorter.js', 420, 438 ]
331 silly gunzTarPerm extractEntry coverage/lcov-report/base.css
332 silly gunzTarPerm modified mode [ 'coverage/lcov-report/base.css', 420, 438 ]
333 silly gunzTarPerm extractEntry coverage/lcov-report/ethereumjs-util/index.html
334 silly gunzTarPerm modified mode [ 'coverage/lcov-report/ethereumjs-util/index.html', 420, 438 ]
335 silly gunzTarPerm extractEntry coverage/lcov-report/ethereumjs-util/index.js.html
336 silly gunzTarPerm modified mode [ 'coverage/lcov-report/ethereumjs-util/index.js.html',
336 silly gunzTarPerm   420,
336 silly gunzTarPerm   438 ]
337 silly gunzTarPerm extractEntry src/KeccakSponge.h
338 silly gunzTarPerm modified mode [ 'src/KeccakSponge.h', 420, 438 ]
339 silly gunzTarPerm extractEntry src/addon.cpp
340 silly gunzTarPerm modified mode [ 'src/addon.cpp', 420, 438 ]
341 silly gunzTarPerm extractEntry .tern-port
342 silly gunzTarPerm modified mode [ '.tern-port', 420, 438 ]
343 silly gunzTarPerm extractEntry .travis.yml
344 silly gunzTarPerm modified mode [ '.travis.yml', 420, 438 ]
345 silly gunzTarPerm extractEntry src/brg_endian.h
346 silly gunzTarPerm modified mode [ 'src/brg_endian.h', 420, 438 ]
347 silly gunzTarPerm extractEntry src/displayIntermediateValues.cpp
348 silly gunzTarPerm modified mode [ 'src/displayIntermediateValues.cpp', 420, 438 ]
349 silly gunzTarPerm extractEntry .index.js.swm
350 silly gunzTarPerm modified mode [ '.index.js.swm', 420, 438 ]
351 silly gunzTarPerm extractEntry .index.js.swn
352 silly gunzTarPerm modified mode [ '.index.js.swn', 420, 438 ]
353 silly gunzTarPerm extractEntry src/displayIntermediateValues.h
354 silly gunzTarPerm modified mode [ 'src/displayIntermediateValues.h', 420, 438 ]
355 silly gunzTarPerm extractEntry .travis.yml
356 silly gunzTarPerm modified mode [ '.travis.yml', 420, 438 ]
357 silly gentlyRm C:\Users\tireilly\Documents\GitHub\block-chain-notes\node_modules\.staging\keccakjs-fa35bf6a\node_modules is being purged
358 verbose gentlyRm don't care about contents; nuking C:\Users\tireilly\Documents\GitHub\block-chain-notes\node_modules\.staging\keccakjs-fa35bf6a\node_modules
359 silly gunzTarPerm extractEntry coverage/coverage.json
360 silly gunzTarPerm modified mode [ 'coverage/coverage.json', 420, 438 ]
361 silly gunzTarPerm extractEntry coverage/lcov-report/prettify.js
362 silly gunzTarPerm modified mode [ 'coverage/lcov-report/prettify.js', 420, 438 ]
363 silly gunzTarPerm extractEntry coverage/lcov-report/index.html
364 silly gunzTarPerm modified mode [ 'coverage/lcov-report/index.html', 420, 438 ]
365 silly gunzTarPerm extractEntry coverage/lcov-report/prettify.css
366 silly gunzTarPerm modified mode [ 'coverage/lcov-report/prettify.css', 420, 438 ]
367 silly gunzTarPerm extractEntry test/unit_tests.js
368 silly gunzTarPerm modified mode [ 'test/unit_tests.js', 420, 438 ]
369 silly gunzTarPerm extractEntry test/data/README
370 silly gunzTarPerm modified mode [ 'test/data/README', 420, 438 ]
371 silly gunzTarPerm extractEntry coverage/lcov-report/sorter.js
372 silly gunzTarPerm modified mode [ 'coverage/lcov-report/sorter.js', 420, 438 ]
373 silly gunzTarPerm extractEntry coverage/lcov-report/base.css
374 silly gunzTarPerm modified mode [ 'coverage/lcov-report/base.css', 420, 438 ]
375 silly gunzTarPerm extractEntry coverage/lcov-report/sort-arrow-sprite.png
376 silly gunzTarPerm modified mode [ 'coverage/lcov-report/sort-arrow-sprite.png', 420, 438 ]
377 silly gunzTarPerm extractEntry coverage/lcov.info
378 silly gunzTarPerm modified mode [ 'coverage/lcov.info', 420, 438 ]
379 silly gunzTarPerm extractEntry .package.json.swo
380 silly gunzTarPerm modified mode [ '.package.json.swo', 420, 438 ]
381 silly gunzTarPerm extractEntry test/data/LongMsgKAT_224.txt
382 silly gunzTarPerm modified mode [ 'test/data/LongMsgKAT_224.txt', 493, 511 ]
383 silly gunzTarPerm extractEntry .travis.yml
384 silly gunzTarPerm modified mode [ '.travis.yml', 420, 438 ]
385 silly gunzTarPerm extractEntry coverage/lcov-report/ethereumjs-tx/index.html
386 silly gunzTarPerm modified mode [ 'coverage/lcov-report/ethereumjs-tx/index.html', 420, 438 ]
387 silly gunzTarPerm extractEntry coverage/lcov-report/ethereumjs-tx/index.js.html
388 silly gunzTarPerm modified mode [ 'coverage/lcov-report/ethereumjs-tx/index.js.html', 420, 438 ]
389 silly gunzTarPerm extractEntry test/defineFields.js
390 silly gunzTarPerm modified mode [ 'test/defineFields.js', 420, 438 ]
391 silly gunzTarPerm extractEntry test/index.js
392 silly gunzTarPerm modified mode [ 'test/index.js', 420, 438 ]
393 silly gunzTarPerm extractEntry test/.tern-port
394 silly gunzTarPerm modified mode [ 'test/.tern-port', 420, 438 ]
395 silly gunzTarPerm extractEntry docs/index.md
396 silly gunzTarPerm modified mode [ 'docs/index.md', 420, 438 ]
397 silly gunzTarPerm extractEntry coverage/lcov-report/index.html
398 silly gunzTarPerm modified mode [ 'coverage/lcov-report/index.html', 420, 438 ]
399 silly gunzTarPerm extractEntry coverage/lcov-report/prettify.css
400 silly gunzTarPerm modified mode [ 'coverage/lcov-report/prettify.css', 420, 438 ]
401 silly gunzTarPerm extractEntry coverage/lcov-report/sort-arrow-sprite.png
402 silly gunzTarPerm modified mode [ 'coverage/lcov-report/sort-arrow-sprite.png', 420, 438 ]
403 silly gunzTarPerm extractEntry coverage/lcov.info
404 silly gunzTarPerm modified mode [ 'coverage/lcov.info', 420, 438 ]
405 silly gunzTarPerm extractEntry docs/index.md
406 silly gunzTarPerm modified mode [ 'docs/index.md', 420, 438 ]
407 silly gunzTarPerm extractEntry examples/test.js
408 silly gunzTarPerm modified mode [ 'examples/test.js', 420, 438 ]
409 silly gunzTarPerm extractEntry examples/transactions.js
410 silly gunzTarPerm modified mode [ 'examples/transactions.js', 420, 438 ]
411 silly gunzTarPerm extractEntry .index.js.swo
412 silly gunzTarPerm modified mode [ '.index.js.swo', 420, 438 ]
413 silly gunzTarPerm extractEntry .package.json.swm
414 silly gunzTarPerm modified mode [ '.package.json.swm', 420, 438 ]
415 silly gunzTarPerm extractEntry .package.json.swn
416 silly gunzTarPerm modified mode [ '.package.json.swn', 420, 438 ]
417 silly gunzTarPerm extractEntry test/api.js
418 silly gunzTarPerm modified mode [ 'test/api.js', 420, 438 ]
419 silly gunzTarPerm extractEntry test/index.js
420 silly gunzTarPerm modified mode [ 'test/index.js', 420, 438 ]
421 silly gunzTarPerm extractEntry test/data/ShortMsgKAT_224.txt
422 silly gunzTarPerm modified mode [ 'test/data/ShortMsgKAT_224.txt', 493, 511 ]
423 silly gunzTarPerm extractEntry test/transactionRunner.js
424 silly gunzTarPerm modified mode [ 'test/transactionRunner.js', 420, 438 ]
425 silly gunzTarPerm extractEntry test/txs.json
426 silly gunzTarPerm modified mode [ 'test/txs.json', 420, 438 ]
427 silly gunzTarPerm extractEntry test/data/ShortMsgKAT_256.txt
428 silly gunzTarPerm modified mode [ 'test/data/ShortMsgKAT_256.txt', 493, 511 ]
429 silly gunzTarPerm extractEntry test/data/ShortMsgKAT_384.txt
430 silly gunzTarPerm modified mode [ 'test/data/ShortMsgKAT_384.txt', 493, 511 ]
431 silly gunzTarPerm extractEntry test/data/ShortMsgKAT_512.txt
432 silly gunzTarPerm modified mode [ 'test/data/ShortMsgKAT_512.txt', 493, 511 ]
433 silly gentlyRm C:\Users\tireilly\Documents\GitHub\block-chain-notes\node_modules\.staging\ethereumjs-util-2c824abf\node_modules is being purged
434 verbose gentlyRm don't care about contents; nuking C:\Users\tireilly\Documents\GitHub\block-chain-notes\node_modules\.staging\ethereumjs-util-2c824abf\node_modules
435 silly gunzTarPerm extractEntry test/generate_tests.py
436 silly gunzTarPerm modified mode [ 'test/generate_tests.py', 493, 511 ]
437 silly gentlyRm C:\Users\tireilly\Documents\GitHub\block-chain-notes\node_modules\.staging\ethereumjs-tx-ffe0555d\node_modules is being purged
438 verbose gentlyRm don't care about contents; nuking C:\Users\tireilly\Documents\GitHub\block-chain-notes\node_modules\.staging\ethereumjs-tx-ffe0555d\node_modules
439 silly gentlyRm C:\Users\tireilly\Documents\GitHub\block-chain-notes\node_modules\.staging\sha3-446200fa\node_modules is being purged
440 verbose gentlyRm don't care about contents; nuking C:\Users\tireilly\Documents\GitHub\block-chain-notes\node_modules\.staging\sha3-446200fa\node_modules
441 silly doParallel preinstall 4
442 silly preinstall sha3@1.2.0
443 info lifecycle sha3@1.2.0~preinstall: sha3@1.2.0
444 silly preinstall keccakjs@0.2.1
445 info lifecycle keccakjs@0.2.1~preinstall: keccakjs@0.2.1
446 silly preinstall ethereumjs-util@4.5.0
447 info lifecycle ethereumjs-util@4.5.0~preinstall: ethereumjs-util@4.5.0
448 silly preinstall ethereumjs-tx@1.1.2
449 info lifecycle ethereumjs-tx@1.1.2~preinstall: ethereumjs-tx@1.1.2
450 silly lifecycle sha3@1.2.0~preinstall: no script for preinstall, continuing
451 silly lifecycle keccakjs@0.2.1~preinstall: no script for preinstall, continuing
452 silly lifecycle ethereumjs-util@4.5.0~preinstall: no script for preinstall, continuing
453 silly lifecycle ethereumjs-tx@1.1.2~preinstall: no script for preinstall, continuing
454 silly doReverseSerial remove 0
455 silly doSerial move 0
456 silly doSerial finalize 4
457 silly finalize C:\Users\tireilly\Documents\GitHub\block-chain-notes\node_modules\sha3
458 silly finalize C:\Users\tireilly\Documents\GitHub\block-chain-notes\node_modules\keccakjs
459 silly finalize C:\Users\tireilly\Documents\GitHub\block-chain-notes\node_modules\ethereumjs-util
460 silly finalize C:\Users\tireilly\Documents\GitHub\block-chain-notes\node_modules\ethereumjs-tx
461 silly doSerial build 4
462 silly build sha3@1.2.0
463 info linkStuff sha3@1.2.0
464 silly linkStuff sha3@1.2.0 has C:\Users\tireilly\Documents\GitHub\block-chain-notes\node_modules as its parent node_modules
465 verbose linkBins sha3@1.2.0
466 verbose linkMans sha3@1.2.0
467 silly build keccakjs@0.2.1
468 info linkStuff keccakjs@0.2.1
469 silly linkStuff keccakjs@0.2.1 has C:\Users\tireilly\Documents\GitHub\block-chain-notes\node_modules as its parent node_modules
470 verbose linkBins keccakjs@0.2.1
471 verbose linkMans keccakjs@0.2.1
472 silly build ethereumjs-util@4.5.0
473 info linkStuff ethereumjs-util@4.5.0
474 silly linkStuff ethereumjs-util@4.5.0 has C:\Users\tireilly\Documents\GitHub\block-chain-notes\node_modules as its parent node_modules
475 verbose linkBins ethereumjs-util@4.5.0
476 verbose linkMans ethereumjs-util@4.5.0
477 silly build ethereumjs-tx@1.1.2
478 info linkStuff ethereumjs-tx@1.1.2
479 silly linkStuff ethereumjs-tx@1.1.2 has C:\Users\tireilly\Documents\GitHub\block-chain-notes\node_modules as its parent node_modules
480 verbose linkBins ethereumjs-tx@1.1.2
481 verbose linkMans ethereumjs-tx@1.1.2
482 silly doSerial global-link 0
483 silly doParallel update-linked 0
484 silly doSerial install 4
485 silly install sha3@1.2.0
486 info lifecycle sha3@1.2.0~install: sha3@1.2.0
487 verbose lifecycle sha3@1.2.0~install: unsafe-perm in lifecycle true
488 verbose lifecycle sha3@1.2.0~install: PATH: C:\Users\tireilly\AppData\Roaming\nvm\v7.4.0\node_modules\npm\bin\node-gyp-bin;C:\Users\tireilly\Documents\GitHub\block-chain-notes\node_modules\sha3\node_modules\.bin;C:\Users\tireilly\Documents\GitHub\block-chain-notes\node_modules\.bin;C:\Users\tireilly\AppData\Local\GitHub\PortableGit_f02737a78695063deace08e96d5042710d3e32db\cmd;C:\Users\tireilly\AppData\Local\GitHub\PortableGit_f02737a78695063deace08e96d5042710d3e32db\usr\bin;C:\Users\tireilly\AppData\Local\GitHub\PortableGit_f02737a78695063deace08e96d5042710d3e32db\usr\share\git-tfs;C:\Users\tireilly\AppData\Local\Apps\2.0\V2DR63QG.AAM\510B06AL.C8Q\gith..tion_317444273a93ac29_0003.0003_5794af8169eeff14;C:\Users\tireilly\AppData\Local\GitHub\lfs-amd64_1.5.5;C:\Program Files (x86)\Microsoft SDKs\Azure\CLI2\wbin;C:\Python27\;C:\Python27\Scripts;C:\WINDOWS\system32;C:\WINDOWS;C:\WINDOWS\System32\Wbem;C:\WINDOWS\System32\WindowsPowerShell\v1.0\;C:\Program Files\Microsoft SQL Server\130\Tools\Binn\;C:\Users\tireilly\AppData\Local\GitHub\PortableGit_f02737a78695063deace08e96d5042710d3e32db\cmd;C:\Program Files\Microsoft\Web Platform Installer\;C:\ProgramData\chocolatey\bin;C:\Program Files\Git\cmd;C:\Program Files (x86)\Windows Kits\10\Windows Performance Toolkit\;%NVM_HOME%;%NVM_SYMLINK%;C:\Program Files\nodejs\;C:\Program Files (x86)\Yarn\bin;C:\Users\tireilly\AppData\Local\Microsoft\WindowsApps;C:\Users\tireilly\AppData\Local\.meteor\;C:\Program Files\Microsoft VS Code\bin;C:\Users\tireilly\AppData\Roaming\nvm;C:\Program Files\nodejs;C:\Users\tireilly\AppData\Roaming\npm;C:\Users\tireilly\AppData\Local\Yarn\bin;;C:\Windows\Microsoft.NET\Framework\v4.0.30319\
489 verbose lifecycle sha3@1.2.0~install: CWD: C:\Users\tireilly\Documents\GitHub\block-chain-notes\node_modules\sha3
490 silly lifecycle sha3@1.2.0~install: Args: [ '/d /s /c', 'node-gyp rebuild' ]
491 silly lifecycle sha3@1.2.0~install: Returned: code: 1  signal: null
492 info lifecycle sha3@1.2.0~install: Failed to exec install script
493 verbose unlock done using C:\Users\tireilly\AppData\Roaming\npm-cache\_locks\staging-63dab00e938d03cf.lock for C:\Users\tireilly\Documents\GitHub\block-chain-notes\node_modules\.staging
494 silly rollbackFailedOptional Starting
495 silly gentlyRm C:\Users\tireilly\Documents\GitHub\block-chain-notes\node_modules\sha3 is being purged from base C:\Users\tireilly\Documents\GitHub\block-chain-notes
496 verbose gentlyRm don't care about contents; nuking C:\Users\tireilly\Documents\GitHub\block-chain-notes\node_modules\sha3
497 silly gentlyRm C:\Users\tireilly\Documents\GitHub\block-chain-notes\node_modules\sha3 is being purged from base C:\Users\tireilly\Documents\GitHub\block-chain-notes
498 verbose gentlyRm don't care about contents; nuking C:\Users\tireilly\Documents\GitHub\block-chain-notes\node_modules\sha3
499 silly gentlyRm C:\Users\tireilly\Documents\GitHub\block-chain-notes\node_modules\sha3 is being purged from base C:\Users\tireilly\Documents\GitHub\block-chain-notes
500 verbose gentlyRm don't care about contents; nuking C:\Users\tireilly\Documents\GitHub\block-chain-notes\node_modules\sha3
501 silly gentlyRm C:\Users\tireilly\Documents\GitHub\block-chain-notes\node_modules\sha3 is being purged from base C:\Users\tireilly\Documents\GitHub\block-chain-notes
502 verbose gentlyRm don't care about contents; nuking C:\Users\tireilly\Documents\GitHub\block-chain-notes\node_modules\sha3
503 silly gentlyRm C:\Users\tireilly\Documents\GitHub\block-chain-notes\node_modules\sha3 is being purged from base C:\Users\tireilly\Documents\GitHub\block-chain-notes
504 verbose gentlyRm don't care about contents; nuking C:\Users\tireilly\Documents\GitHub\block-chain-notes\node_modules\sha3
505 silly gentlyRm C:\Users\tireilly\Documents\GitHub\block-chain-notes\node_modules\sha3 is being purged from base C:\Users\tireilly\Documents\GitHub\block-chain-notes
506 verbose gentlyRm don't care about contents; nuking C:\Users\tireilly\Documents\GitHub\block-chain-notes\node_modules\sha3
507 silly gentlyRm C:\Users\tireilly\Documents\GitHub\block-chain-notes\node_modules\sha3 is being purged from base C:\Users\tireilly\Documents\GitHub\block-chain-notes
508 verbose gentlyRm don't care about contents; nuking C:\Users\tireilly\Documents\GitHub\block-chain-notes\node_modules\sha3
509 silly gentlyRm C:\Users\tireilly\Documents\GitHub\block-chain-notes\node_modules\sha3 is being purged from base C:\Users\tireilly\Documents\GitHub\block-chain-notes
510 verbose gentlyRm don't care about contents; nuking C:\Users\tireilly\Documents\GitHub\block-chain-notes\node_modules\sha3
511 silly gentlyRm C:\Users\tireilly\Documents\GitHub\block-chain-notes\node_modules\keccakjs is being purged from base C:\Users\tireilly\Documents\GitHub\block-chain-notes
512 verbose gentlyRm don't care about contents; nuking C:\Users\tireilly\Documents\GitHub\block-chain-notes\node_modules\keccakjs
513 silly gentlyRm C:\Users\tireilly\Documents\GitHub\block-chain-notes\node_modules\keccakjs is being purged from base C:\Users\tireilly\Documents\GitHub\block-chain-notes
514 verbose gentlyRm don't care about contents; nuking C:\Users\tireilly\Documents\GitHub\block-chain-notes\node_modules\keccakjs
515 silly gentlyRm C:\Users\tireilly\Documents\GitHub\block-chain-notes\node_modules\keccakjs is being purged from base C:\Users\tireilly\Documents\GitHub\block-chain-notes
516 verbose gentlyRm don't care about contents; nuking C:\Users\tireilly\Documents\GitHub\block-chain-notes\node_modules\keccakjs
517 silly gentlyRm C:\Users\tireilly\Documents\GitHub\block-chain-notes\node_modules\keccakjs is being purged from base C:\Users\tireilly\Documents\GitHub\block-chain-notes
518 verbose gentlyRm don't care about contents; nuking C:\Users\tireilly\Documents\GitHub\block-chain-notes\node_modules\keccakjs
519 silly gentlyRm C:\Users\tireilly\Documents\GitHub\block-chain-notes\node_modules\keccakjs is being purged from base C:\Users\tireilly\Documents\GitHub\block-chain-notes
520 verbose gentlyRm don't care about contents; nuking C:\Users\tireilly\Documents\GitHub\block-chain-notes\node_modules\keccakjs
521 silly gentlyRm C:\Users\tireilly\Documents\GitHub\block-chain-notes\node_modules\keccakjs is being purged from base C:\Users\tireilly\Documents\GitHub\block-chain-notes
522 verbose gentlyRm don't care about contents; nuking C:\Users\tireilly\Documents\GitHub\block-chain-notes\node_modules\keccakjs
523 silly gentlyRm C:\Users\tireilly\Documents\GitHub\block-chain-notes\node_modules\keccakjs is being purged from base C:\Users\tireilly\Documents\GitHub\block-chain-notes
524 verbose gentlyRm don't care about contents; nuking C:\Users\tireilly\Documents\GitHub\block-chain-notes\node_modules\keccakjs
525 silly gentlyRm C:\Users\tireilly\Documents\GitHub\block-chain-notes\node_modules\keccakjs is being purged from base C:\Users\tireilly\Documents\GitHub\block-chain-notes
526 verbose gentlyRm don't care about contents; nuking C:\Users\tireilly\Documents\GitHub\block-chain-notes\node_modules\keccakjs
527 silly gentlyRm C:\Users\tireilly\Documents\GitHub\block-chain-notes\node_modules\ethereumjs-util is being purged from base C:\Users\tireilly\Documents\GitHub\block-chain-notes
528 verbose gentlyRm don't care about contents; nuking C:\Users\tireilly\Documents\GitHub\block-chain-notes\node_modules\ethereumjs-util
529 silly gentlyRm C:\Users\tireilly\Documents\GitHub\block-chain-notes\node_modules\ethereumjs-util is being purged from base C:\Users\tireilly\Documents\GitHub\block-chain-notes
530 verbose gentlyRm don't care about contents; nuking C:\Users\tireilly\Documents\GitHub\block-chain-notes\node_modules\ethereumjs-util
531 silly gentlyRm C:\Users\tireilly\Documents\GitHub\block-chain-notes\node_modules\ethereumjs-util is being purged from base C:\Users\tireilly\Documents\GitHub\block-chain-notes
532 verbose gentlyRm don't care about contents; nuking C:\Users\tireilly\Documents\GitHub\block-chain-notes\node_modules\ethereumjs-util
533 silly gentlyRm C:\Users\tireilly\Documents\GitHub\block-chain-notes\node_modules\ethereumjs-util is being purged from base C:\Users\tireilly\Documents\GitHub\block-chain-notes
534 verbose gentlyRm don't care about contents; nuking C:\Users\tireilly\Documents\GitHub\block-chain-notes\node_modules\ethereumjs-util
535 silly gentlyRm C:\Users\tireilly\Documents\GitHub\block-chain-notes\node_modules\ethereumjs-util is being purged from base C:\Users\tireilly\Documents\GitHub\block-chain-notes
536 verbose gentlyRm don't care about contents; nuking C:\Users\tireilly\Documents\GitHub\block-chain-notes\node_modules\ethereumjs-util
537 silly gentlyRm C:\Users\tireilly\Documents\GitHub\block-chain-notes\node_modules\ethereumjs-util is being purged from base C:\Users\tireilly\Documents\GitHub\block-chain-notes
538 verbose gentlyRm don't care about contents; nuking C:\Users\tireilly\Documents\GitHub\block-chain-notes\node_modules\ethereumjs-util
539 silly gentlyRm C:\Users\tireilly\Documents\GitHub\block-chain-notes\node_modules\ethereumjs-util is being purged from base C:\Users\tireilly\Documents\GitHub\block-chain-notes
540 verbose gentlyRm don't care about contents; nuking C:\Users\tireilly\Documents\GitHub\block-chain-notes\node_modules\ethereumjs-util
541 silly gentlyRm C:\Users\tireilly\Documents\GitHub\block-chain-notes\node_modules\ethereumjs-util is being purged from base C:\Users\tireilly\Documents\GitHub\block-chain-notes
542 verbose gentlyRm don't care about contents; nuking C:\Users\tireilly\Documents\GitHub\block-chain-notes\node_modules\ethereumjs-util
543 silly gentlyRm C:\Users\tireilly\Documents\GitHub\block-chain-notes\node_modules\ethereumjs-tx is being purged from base C:\Users\tireilly\Documents\GitHub\block-chain-notes
544 verbose gentlyRm don't care about contents; nuking C:\Users\tireilly\Documents\GitHub\block-chain-notes\node_modules\ethereumjs-tx
545 silly gentlyRm C:\Users\tireilly\Documents\GitHub\block-chain-notes\node_modules\ethereumjs-tx is being purged from base C:\Users\tireilly\Documents\GitHub\block-chain-notes
546 verbose gentlyRm don't care about contents; nuking C:\Users\tireilly\Documents\GitHub\block-chain-notes\node_modules\ethereumjs-tx
547 silly gentlyRm C:\Users\tireilly\Documents\GitHub\block-chain-notes\node_modules\ethereumjs-tx is being purged from base C:\Users\tireilly\Documents\GitHub\block-chain-notes
548 verbose gentlyRm don't care about contents; nuking C:\Users\tireilly\Documents\GitHub\block-chain-notes\node_modules\ethereumjs-tx
549 silly gentlyRm C:\Users\tireilly\Documents\GitHub\block-chain-notes\node_modules\ethereumjs-tx is being purged from base C:\Users\tireilly\Documents\GitHub\block-chain-notes
550 verbose gentlyRm don't care about contents; nuking C:\Users\tireilly\Documents\GitHub\block-chain-notes\node_modules\ethereumjs-tx
551 silly gentlyRm C:\Users\tireilly\Documents\GitHub\block-chain-notes\node_modules\ethereumjs-tx is being purged from base C:\Users\tireilly\Documents\GitHub\block-chain-notes
552 verbose gentlyRm don't care about contents; nuking C:\Users\tireilly\Documents\GitHub\block-chain-notes\node_modules\ethereumjs-tx
553 silly gentlyRm C:\Users\tireilly\Documents\GitHub\block-chain-notes\node_modules\ethereumjs-tx is being purged from base C:\Users\tireilly\Documents\GitHub\block-chain-notes
554 verbose gentlyRm don't care about contents; nuking C:\Users\tireilly\Documents\GitHub\block-chain-notes\node_modules\ethereumjs-tx
555 silly gentlyRm C:\Users\tireilly\Documents\GitHub\block-chain-notes\node_modules\ethereumjs-tx is being purged from base C:\Users\tireilly\Documents\GitHub\block-chain-notes
556 verbose gentlyRm don't care about contents; nuking C:\Users\tireilly\Documents\GitHub\block-chain-notes\node_modules\ethereumjs-tx
557 silly gentlyRm C:\Users\tireilly\Documents\GitHub\block-chain-notes\node_modules\ethereumjs-tx is being purged from base C:\Users\tireilly\Documents\GitHub\block-chain-notes
558 verbose gentlyRm don't care about contents; nuking C:\Users\tireilly\Documents\GitHub\block-chain-notes\node_modules\ethereumjs-tx
559 silly vacuum-fs purging C:\Users\tireilly\Documents\GitHub\block-chain-notes\node_modules\sha3
560 silly vacuum-fs purging C:\Users\tireilly\Documents\GitHub\block-chain-notes\node_modules\sha3
561 silly vacuum-fs purging C:\Users\tireilly\Documents\GitHub\block-chain-notes\node_modules\sha3
562 silly vacuum-fs purging C:\Users\tireilly\Documents\GitHub\block-chain-notes\node_modules\sha3
563 silly vacuum-fs purging C:\Users\tireilly\Documents\GitHub\block-chain-notes\node_modules\sha3
564 silly vacuum-fs purging C:\Users\tireilly\Documents\GitHub\block-chain-notes\node_modules\sha3
565 silly vacuum-fs purging C:\Users\tireilly\Documents\GitHub\block-chain-notes\node_modules\sha3
566 silly vacuum-fs purging C:\Users\tireilly\Documents\GitHub\block-chain-notes\node_modules\sha3
567 silly vacuum-fs purging C:\Users\tireilly\Documents\GitHub\block-chain-notes\node_modules\keccakjs
568 silly vacuum-fs purging C:\Users\tireilly\Documents\GitHub\block-chain-notes\node_modules\keccakjs
569 silly vacuum-fs purging C:\Users\tireilly\Documents\GitHub\block-chain-notes\node_modules\keccakjs
570 silly vacuum-fs purging C:\Users\tireilly\Documents\GitHub\block-chain-notes\node_modules\keccakjs
571 silly vacuum-fs purging C:\Users\tireilly\Documents\GitHub\block-chain-notes\node_modules\keccakjs
572 silly vacuum-fs purging C:\Users\tireilly\Documents\GitHub\block-chain-notes\node_modules\keccakjs
573 silly vacuum-fs purging C:\Users\tireilly\Documents\GitHub\block-chain-notes\node_modules\keccakjs
574 silly vacuum-fs purging C:\Users\tireilly\Documents\GitHub\block-chain-notes\node_modules\keccakjs
575 silly vacuum-fs purging C:\Users\tireilly\Documents\GitHub\block-chain-notes\node_modules\ethereumjs-util
576 silly vacuum-fs purging C:\Users\tireilly\Documents\GitHub\block-chain-notes\node_modules\ethereumjs-util
577 silly vacuum-fs purging C:\Users\tireilly\Documents\GitHub\block-chain-notes\node_modules\ethereumjs-util
578 silly vacuum-fs purging C:\Users\tireilly\Documents\GitHub\block-chain-notes\node_modules\ethereumjs-util
579 silly vacuum-fs purging C:\Users\tireilly\Documents\GitHub\block-chain-notes\node_modules\ethereumjs-util
580 silly vacuum-fs purging C:\Users\tireilly\Documents\GitHub\block-chain-notes\node_modules\ethereumjs-util
581 silly vacuum-fs purging C:\Users\tireilly\Documents\GitHub\block-chain-notes\node_modules\ethereumjs-util
582 silly vacuum-fs purging C:\Users\tireilly\Documents\GitHub\block-chain-notes\node_modules\ethereumjs-util
583 silly vacuum-fs purging C:\Users\tireilly\Documents\GitHub\block-chain-notes\node_modules\ethereumjs-tx
584 silly vacuum-fs purging C:\Users\tireilly\Documents\GitHub\block-chain-notes\node_modules\ethereumjs-tx
585 silly vacuum-fs purging C:\Users\tireilly\Documents\GitHub\block-chain-notes\node_modules\ethereumjs-tx
586 silly vacuum-fs purging C:\Users\tireilly\Documents\GitHub\block-chain-notes\node_modules\ethereumjs-tx
587 silly vacuum-fs purging C:\Users\tireilly\Documents\GitHub\block-chain-notes\node_modules\ethereumjs-tx
588 silly vacuum-fs purging C:\Users\tireilly\Documents\GitHub\block-chain-notes\node_modules\ethereumjs-tx
589 silly vacuum-fs purging C:\Users\tireilly\Documents\GitHub\block-chain-notes\node_modules\ethereumjs-tx
590 silly vacuum-fs purging C:\Users\tireilly\Documents\GitHub\block-chain-notes\node_modules\ethereumjs-tx
591 silly vacuum-fs quitting because other entries in C:\Users\tireilly\Documents\GitHub\block-chain-notes\node_modules
592 silly vacuum-fs quitting because other entries in C:\Users\tireilly\Documents\GitHub\block-chain-notes\node_modules
593 silly vacuum-fs quitting because other entries in C:\Users\tireilly\Documents\GitHub\block-chain-notes\node_modules
594 silly vacuum-fs quitting because other entries in C:\Users\tireilly\Documents\GitHub\block-chain-notes\node_modules
595 silly vacuum-fs quitting because other entries in C:\Users\tireilly\Documents\GitHub\block-chain-notes\node_modules
596 silly vacuum-fs quitting because other entries in C:\Users\tireilly\Documents\GitHub\block-chain-notes\node_modules
597 silly vacuum-fs quitting because other entries in C:\Users\tireilly\Documents\GitHub\block-chain-notes\node_modules
598 silly vacuum-fs quitting because other entries in C:\Users\tireilly\Documents\GitHub\block-chain-notes\node_modules
599 silly vacuum-fs quitting because other entries in C:\Users\tireilly\Documents\GitHub\block-chain-notes\node_modules
600 silly vacuum-fs quitting because other entries in C:\Users\tireilly\Documents\GitHub\block-chain-notes\node_modules
601 silly vacuum-fs quitting because other entries in C:\Users\tireilly\Documents\GitHub\block-chain-notes\node_modules
602 silly vacuum-fs quitting because other entries in C:\Users\tireilly\Documents\GitHub\block-chain-notes\node_modules
603 silly vacuum-fs quitting because other entries in C:\Users\tireilly\Documents\GitHub\block-chain-notes\node_modules
604 silly vacuum-fs quitting because other entries in C:\Users\tireilly\Documents\GitHub\block-chain-notes\node_modules
605 silly vacuum-fs quitting because other entries in C:\Users\tireilly\Documents\GitHub\block-chain-notes\node_modules
606 silly vacuum-fs quitting because other entries in C:\Users\tireilly\Documents\GitHub\block-chain-notes\node_modules
607 silly vacuum-fs quitting because other entries in C:\Users\tireilly\Documents\GitHub\block-chain-notes\node_modules
608 silly vacuum-fs quitting because other entries in C:\Users\tireilly\Documents\GitHub\block-chain-notes\node_modules
609 silly vacuum-fs quitting because other entries in C:\Users\tireilly\Documents\GitHub\block-chain-notes\node_modules
610 silly vacuum-fs quitting because other entries in C:\Users\tireilly\Documents\GitHub\block-chain-notes\node_modules
611 silly vacuum-fs quitting because other entries in C:\Users\tireilly\Documents\GitHub\block-chain-notes\node_modules
612 silly vacuum-fs quitting because other entries in C:\Users\tireilly\Documents\GitHub\block-chain-notes\node_modules
613 silly vacuum-fs quitting because other entries in C:\Users\tireilly\Documents\GitHub\block-chain-notes\node_modules
614 silly vacuum-fs quitting because other entries in C:\Users\tireilly\Documents\GitHub\block-chain-notes\node_modules
615 silly vacuum-fs quitting because other entries in C:\Users\tireilly\Documents\GitHub\block-chain-notes\node_modules
616 silly vacuum-fs quitting because other entries in C:\Users\tireilly\Documents\GitHub\block-chain-notes\node_modules
617 silly vacuum-fs quitting because other entries in C:\Users\tireilly\Documents\GitHub\block-chain-notes\node_modules
618 silly vacuum-fs quitting because other entries in C:\Users\tireilly\Documents\GitHub\block-chain-notes\node_modules
619 silly vacuum-fs quitting because other entries in C:\Users\tireilly\Documents\GitHub\block-chain-notes\node_modules
620 silly vacuum-fs quitting because other entries in C:\Users\tireilly\Documents\GitHub\block-chain-notes\node_modules
621 silly vacuum-fs quitting because other entries in C:\Users\tireilly\Documents\GitHub\block-chain-notes\node_modules
622 silly vacuum-fs quitting because other entries in C:\Users\tireilly\Documents\GitHub\block-chain-notes\node_modules
623 silly rollbackFailedOptional Finishing
624 silly runTopLevelLifecycles Finishing
625 silly install printInstalled
626 warn block-chain-notes No repository field.
627 verbose If you need help, you may report this error at:
627 verbose     <https://github.com/npm/npm/issues>
628 warn block-chain-notes No license field.
629 verbose If you need help, you may report this error at:
629 verbose     <https://github.com/npm/npm/issues>
630 verbose stack Error: sha3@1.2.0 install: `node-gyp rebuild`
630 verbose stack Exit status 1
630 verbose stack     at EventEmitter.<anonymous> (C:\Users\tireilly\AppData\Roaming\nvm\v7.4.0\node_modules\npm\lib\utils\lifecycle.js:279:16)
630 verbose stack     at emitTwo (events.js:106:13)
630 verbose stack     at EventEmitter.emit (events.js:191:7)
630 verbose stack     at ChildProcess.<anonymous> (C:\Users\tireilly\AppData\Roaming\nvm\v7.4.0\node_modules\npm\lib\utils\spawn.js:40:14)
630 verbose stack     at emitTwo (events.js:106:13)
630 verbose stack     at ChildProcess.emit (events.js:191:7)
630 verbose stack     at maybeClose (internal/child_process.js:885:16)
630 verbose stack     at Process.ChildProcess._handle.onexit (internal/child_process.js:226:5)
631 verbose pkgid sha3@1.2.0
632 verbose cwd C:\Users\tireilly\Documents\GitHub\block-chain-notes
633 error Windows_NT 10.0.16299
634 error argv "C:\\Program Files\\nodejs\\node.exe" "C:\\Program Files\\nodejs\\node_modules\\npm\\bin\\npm-cli.js" "install"
635 error node v7.4.0
636 error npm  v4.0.5
637 error code ELIFECYCLE
638 error sha3@1.2.0 install: `node-gyp rebuild`
638 error Exit status 1
639 error Failed at the sha3@1.2.0 install script 'node-gyp rebuild'.
639 error Make sure you have the latest version of node.js and npm installed.
639 error If you do, this is most likely a problem with the sha3 package,
639 error not with npm itself.
639 error Tell the author that this fails on your system:
639 error     node-gyp rebuild
639 error You can get information on how to open an issue for this project with:
639 error     npm bugs sha3
639 error Or if that isn't available, you can get their info via:
639 error     npm owner ls sha3
639 error There is likely additional logging output above.
640 verbose exit [ 1, true ]
